This file contains any messages produced by compilers while
running configure, to aid debugging if configure makes a mistake.

It was created by dvpn configure 1.0, which was
generated by GNU Autoconf 2.69.  Invocation command line was

  $ ./configure 

## --------- ##
## Platform. ##
## --------- ##

hostname = ragnaros
uname -m = x86_64
uname -r = 4.4.3-300.fc23.x86_64
uname -s = Linux
uname -v = #1 SMP Fri Feb 26 18:45:40 UTC 2016

/usr/bin/uname -p = x86_64
/bin/uname -X     = unknown

/bin/arch              = x86_64
/usr/bin/arch -k       = unknown
/usr/convex/getsysinfo = unknown
/usr/bin/hostinfo      = unknown
/bin/machine           = unknown
/usr/bin/oslevel       = unknown
/bin/universe          = unknown

PATH: /usr/local/bin
PATH: /usr/bin
PATH: /usr/local/sbin
PATH: /usr/sbin
PATH: /home/lun/.local/bin
PATH: /home/lun/bin


## ----------- ##
## Core tests. ##
## ----------- ##

configure:2297: checking for a BSD-compatible install
configure:2365: result: /usr/bin/install -c
configure:2376: checking whether build environment is sane
configure:2431: result: yes
configure:2582: checking for a thread-safe mkdir -p
configure:2621: result: /usr/bin/mkdir -p
configure:2628: checking for gawk
configure:2644: found /usr/bin/gawk
configure:2655: result: gawk
configure:2666: checking whether make sets $(MAKE)
configure:2688: result: yes
configure:2717: checking whether make supports nested variables
configure:2734: result: yes
configure:2915: checking for gcc
configure:2931: found /usr/bin/gcc
configure:2942: result: gcc
configure:3171: checking for C compiler version
configure:3180: gcc --version >&5
gcc (GCC) 5.3.1 20151207 (Red Hat 5.3.1-2)
Copyright (C) 2015 Free Software Foundation, Inc.
This is free software; see the source for copying conditions.  There is NO
warranty; not even for MERCHANTABILITY or FITNESS FOR A PARTICULAR PURPOSE.

configure:3191: $? = 0
configure:3180: gcc -v >&5
Using built-in specs.
COLLECT_GCC=gcc
COLLECT_LTO_WRAPPER=/usr/libexec/gcc/x86_64-redhat-linux/5.3.1/lto-wrapper
Target: x86_64-redhat-linux
Configured with: ../configure --enable-bootstrap --enable-languages=c,c++,objc,obj-c++,fortran,ada,go,lto --prefix=/usr --mandir=/usr/share/man --infodir=/usr/share/info --with-bugurl=http://bugzilla.redhat.com/bugzilla --enable-shared --enable-threads=posix --enable-checking=release --enable-multilib --with-system-zlib --enable-__cxa_atexit --disable-libunwind-exceptions --enable-gnu-unique-object --enable-linker-build-id --with-linker-hash-style=gnu --enable-plugin --enable-initfini-array --disable-libgcj --with-isl --enable-libmpx --enable-gnu-indirect-function --with-tune=generic --with-arch_32=i686 --build=x86_64-redhat-linux
Thread model: posix
gcc version 5.3.1 20151207 (Red Hat 5.3.1-2) (GCC) 
configure:3191: $? = 0
configure:3180: gcc -V >&5
gcc: error: unrecognized command line option '-V'
gcc: fatal error: no input files
compilation terminated.
configure:3191: $? = 1
configure:3180: gcc -qversion >&5
gcc: error: unrecognized command line option '-qversion'
gcc: fatal error: no input files
compilation terminated.
configure:3191: $? = 1
configure:3211: checking whether the C compiler works
configure:3233: gcc    conftest.c  >&5
configure:3237: $? = 0
configure:3285: result: yes
configure:3288: checking for C compiler default output file name
configure:3290: result: a.out
configure:3296: checking for suffix of executables
configure:3303: gcc -o conftest    conftest.c  >&5
configure:3307: $? = 0
configure:3329: result: 
configure:3351: checking whether we are cross compiling
configure:3359: gcc -o conftest    conftest.c  >&5
configure:3363: $? = 0
configure:3370: ./conftest
configure:3374: $? = 0
configure:3389: result: no
configure:3394: checking for suffix of object files
configure:3416: gcc -c   conftest.c >&5
configure:3420: $? = 0
configure:3441: result: o
configure:3445: checking whether we are using the GNU C compiler
configure:3464: gcc -c   conftest.c >&5
configure:3464: $? = 0
configure:3473: result: yes
configure:3482: checking whether gcc accepts -g
configure:3502: gcc -c -g  conftest.c >&5
configure:3502: $? = 0
configure:3543: result: yes
configure:3560: checking for gcc option to accept ISO C89
configure:3623: gcc  -c -g -O2  conftest.c >&5
configure:3623: $? = 0
configure:3636: result: none needed
configure:3661: checking whether gcc understands -c and -o together
configure:3683: gcc -c conftest.c -o conftest2.o
configure:3686: $? = 0
configure:3683: gcc -c conftest.c -o conftest2.o
configure:3686: $? = 0
configure:3698: result: yes
configure:3726: checking for style of include used by make
configure:3754: result: GNU
configure:3780: checking dependency style of gcc
configure:3891: result: gcc3
configure:3916: checking how to run the C preprocessor
configure:3947: gcc -E  conftest.c
configure:3947: $? = 0
configure:3961: gcc -E  conftest.c
conftest.c:11:28: fatal error: ac_nonexistent.h: No such file or directory
compilation terminated.
configure:3961: $? = 1
configure: failed program was:
| /* confdefs.h */
| #define PACKAGE_NAME "dvpn"
| #define PACKAGE_TARNAME "dvpn"
| #define PACKAGE_VERSION "1.0"
| #define PACKAGE_STRING "dvpn 1.0"
| #define PACKAGE_BUGREPORT "buytenh@wantstofly.org"
| #define PACKAGE_URL ""
| #define PACKAGE "dvpn"
| #define VERSION "1.0"
| /* end confdefs.h.  */
| #include <ac_nonexistent.h>
configure:3986: result: gcc -E
configure:4006: gcc -E  conftest.c
configure:4006: $? = 0
configure:4020: gcc -E  conftest.c
conftest.c:11:28: fatal error: ac_nonexistent.h: No such file or directory
compilation terminated.
configure:4020: $? = 1
configure: failed program was:
| /* confdefs.h */
| #define PACKAGE_NAME "dvpn"
| #define PACKAGE_TARNAME "dvpn"
| #define PACKAGE_VERSION "1.0"
| #define PACKAGE_STRING "dvpn 1.0"
| #define PACKAGE_BUGREPORT "buytenh@wantstofly.org"
| #define PACKAGE_URL ""
| #define PACKAGE "dvpn"
| #define VERSION "1.0"
| /* end confdefs.h.  */
| #include <ac_nonexistent.h>
configure:4049: checking for grep that handles long lines and -e
configure:4107: result: /usr/bin/grep
configure:4112: checking for egrep
configure:4174: result: /usr/bin/grep -E
configure:4179: checking for ANSI C header files
configure:4199: gcc -c -g -O2  conftest.c >&5
configure:4199: $? = 0
configure:4272: gcc -o conftest -g -O2   conftest.c  >&5
configure:4272: $? = 0
configure:4272: ./conftest
configure:4272: $? = 0
configure:4283: result: yes
configure:4296: checking for sys/types.h
configure:4296: gcc -c -g -O2  conftest.c >&5
configure:4296: $? = 0
configure:4296: result: yes
configure:4296: checking for sys/stat.h
configure:4296: gcc -c -g -O2  conftest.c >&5
configure:4296: $? = 0
configure:4296: result: yes
configure:4296: checking for stdlib.h
configure:4296: gcc -c -g -O2  conftest.c >&5
configure:4296: $? = 0
configure:4296: result: yes
configure:4296: checking for string.h
configure:4296: gcc -c -g -O2  conftest.c >&5
configure:4296: $? = 0
configure:4296: result: yes
configure:4296: checking for memory.h
configure:4296: gcc -c -g -O2  conftest.c >&5
configure:4296: $? = 0
configure:4296: result: yes
configure:4296: checking for strings.h
configure:4296: gcc -c -g -O2  conftest.c >&5
configure:4296: $? = 0
configure:4296: result: yes
configure:4296: checking for inttypes.h
configure:4296: gcc -c -g -O2  conftest.c >&5
configure:4296: $? = 0
configure:4296: result: yes
configure:4296: checking for stdint.h
configure:4296: gcc -c -g -O2  conftest.c >&5
configure:4296: $? = 0
configure:4296: result: yes
configure:4296: checking for unistd.h
configure:4296: gcc -c -g -O2  conftest.c >&5
configure:4296: $? = 0
configure:4296: result: yes
configure:4311: checking arpa/inet.h usability
configure:4311: gcc -c -g -O2  conftest.c >&5
configure:4311: $? = 0
configure:4311: result: yes
configure:4311: checking arpa/inet.h presence
configure:4311: gcc -E  conftest.c
configure:4311: $? = 0
configure:4311: result: yes
configure:4311: checking for arpa/inet.h
configure:4311: result: yes
configure:4311: checking fcntl.h usability
configure:4311: gcc -c -g -O2  conftest.c >&5
configure:4311: $? = 0
configure:4311: result: yes
configure:4311: checking fcntl.h presence
configure:4311: gcc -E  conftest.c
configure:4311: $? = 0
configure:4311: result: yes
configure:4311: checking for fcntl.h
configure:4311: result: yes
configure:4311: checking limits.h usability
configure:4311: gcc -c -g -O2  conftest.c >&5
configure:4311: $? = 0
configure:4311: result: yes
configure:4311: checking limits.h presence
configure:4311: gcc -E  conftest.c
configure:4311: $? = 0
configure:4311: result: yes
configure:4311: checking for limits.h
configure:4311: result: yes
configure:4311: checking netdb.h usability
configure:4311: gcc -c -g -O2  conftest.c >&5
configure:4311: $? = 0
configure:4311: result: yes
configure:4311: checking netdb.h presence
configure:4311: gcc -E  conftest.c
configure:4311: $? = 0
configure:4311: result: yes
configure:4311: checking for netdb.h
configure:4311: result: yes
configure:4311: checking netinet/in.h usability
configure:4311: gcc -c -g -O2  conftest.c >&5
configure:4311: $? = 0
configure:4311: result: yes
configure:4311: checking netinet/in.h presence
configure:4311: gcc -E  conftest.c
configure:4311: $? = 0
configure:4311: result: yes
configure:4311: checking for netinet/in.h
configure:4311: result: yes
configure:4311: checking for stdint.h
configure:4311: result: yes
configure:4311: checking for stdlib.h
configure:4311: result: yes
configure:4311: checking for string.h
configure:4311: result: yes
configure:4311: checking for strings.h
configure:4311: result: yes
configure:4311: checking sys/ioctl.h usability
configure:4311: gcc -c -g -O2  conftest.c >&5
configure:4311: $? = 0
configure:4311: result: yes
configure:4311: checking sys/ioctl.h presence
configure:4311: gcc -E  conftest.c
configure:4311: $? = 0
configure:4311: result: yes
configure:4311: checking for sys/ioctl.h
configure:4311: result: yes
configure:4311: checking sys/socket.h usability
configure:4311: gcc -c -g -O2  conftest.c >&5
configure:4311: $? = 0
configure:4311: result: yes
configure:4311: checking sys/socket.h presence
configure:4311: gcc -E  conftest.c
configure:4311: $? = 0
configure:4311: result: yes
configure:4311: checking for sys/socket.h
configure:4311: result: yes
configure:4311: checking for unistd.h
configure:4311: result: yes
configure:4323: checking for pid_t
configure:4323: gcc -c -g -O2  conftest.c >&5
configure:4323: $? = 0
configure:4323: gcc -c -g -O2  conftest.c >&5
conftest.c: In function 'main':
conftest.c:69:20: error: expected expression before ')' token
 if (sizeof ((pid_t)))
                    ^
configure:4323: $? = 1
configure: failed program was:
| /* confdefs.h */
| #define PACKAGE_NAME "dvpn"
| #define PACKAGE_TARNAME "dvpn"
| #define PACKAGE_VERSION "1.0"
| #define PACKAGE_STRING "dvpn 1.0"
| #define PACKAGE_BUGREPORT "buytenh@wantstofly.org"
| #define PACKAGE_URL ""
| #define PACKAGE "dvpn"
| #define VERSION "1.0"
| #define STDC_HEADERS 1
| #define HAVE_SYS_TYPES_H 1
| #define HAVE_SYS_STAT_H 1
| #define HAVE_STDLIB_H 1
| #define HAVE_STRING_H 1
| #define HAVE_MEMORY_H 1
| #define HAVE_STRINGS_H 1
| #define HAVE_INTTYPES_H 1
| #define HAVE_STDINT_H 1
| #define HAVE_UNISTD_H 1
| #define HAVE_ARPA_INET_H 1
| #define HAVE_FCNTL_H 1
| #define HAVE_LIMITS_H 1
| #define HAVE_NETDB_H 1
| #define HAVE_NETINET_IN_H 1
| #define HAVE_STDINT_H 1
| #define HAVE_STDLIB_H 1
| #define HAVE_STRING_H 1
| #define HAVE_STRINGS_H 1
| #define HAVE_SYS_IOCTL_H 1
| #define HAVE_SYS_SOCKET_H 1
| #define HAVE_UNISTD_H 1
| /* end confdefs.h.  */
| #include <stdio.h>
| #ifdef HAVE_SYS_TYPES_H
| # include <sys/types.h>
| #endif
| #ifdef HAVE_SYS_STAT_H
| # include <sys/stat.h>
| #endif
| #ifdef STDC_HEADERS
| # include <stdlib.h>
| # include <stddef.h>
| #else
| # ifdef HAVE_STDLIB_H
| #  include <stdlib.h>
| # endif
| #endif
| #ifdef HAVE_STRING_H
| # if !defined STDC_HEADERS && defined HAVE_MEMORY_H
| #  include <memory.h>
| # endif
| # include <string.h>
| #endif
| #ifdef HAVE_STRINGS_H
| # include <strings.h>
| #endif
| #ifdef HAVE_INTTYPES_H
| # include <inttypes.h>
| #endif
| #ifdef HAVE_STDINT_H
| # include <stdint.h>
| #endif
| #ifdef HAVE_UNISTD_H
| # include <unistd.h>
| #endif
| int
| main ()
| {
| if (sizeof ((pid_t)))
| 	    return 0;
|   ;
|   return 0;
| }
configure:4323: result: yes
configure:4334: checking for size_t
configure:4334: gcc -c -g -O2  conftest.c >&5
configure:4334: $? = 0
configure:4334: gcc -c -g -O2  conftest.c >&5
conftest.c: In function 'main':
conftest.c:69:21: error: expected expression before ')' token
 if (sizeof ((size_t)))
                     ^
configure:4334: $? = 1
configure: failed program was:
| /* confdefs.h */
| #define PACKAGE_NAME "dvpn"
| #define PACKAGE_TARNAME "dvpn"
| #define PACKAGE_VERSION "1.0"
| #define PACKAGE_STRING "dvpn 1.0"
| #define PACKAGE_BUGREPORT "buytenh@wantstofly.org"
| #define PACKAGE_URL ""
| #define PACKAGE "dvpn"
| #define VERSION "1.0"
| #define STDC_HEADERS 1
| #define HAVE_SYS_TYPES_H 1
| #define HAVE_SYS_STAT_H 1
| #define HAVE_STDLIB_H 1
| #define HAVE_STRING_H 1
| #define HAVE_MEMORY_H 1
| #define HAVE_STRINGS_H 1
| #define HAVE_INTTYPES_H 1
| #define HAVE_STDINT_H 1
| #define HAVE_UNISTD_H 1
| #define HAVE_ARPA_INET_H 1
| #define HAVE_FCNTL_H 1
| #define HAVE_LIMITS_H 1
| #define HAVE_NETDB_H 1
| #define HAVE_NETINET_IN_H 1
| #define HAVE_STDINT_H 1
| #define HAVE_STDLIB_H 1
| #define HAVE_STRING_H 1
| #define HAVE_STRINGS_H 1
| #define HAVE_SYS_IOCTL_H 1
| #define HAVE_SYS_SOCKET_H 1
| #define HAVE_UNISTD_H 1
| /* end confdefs.h.  */
| #include <stdio.h>
| #ifdef HAVE_SYS_TYPES_H
| # include <sys/types.h>
| #endif
| #ifdef HAVE_SYS_STAT_H
| # include <sys/stat.h>
| #endif
| #ifdef STDC_HEADERS
| # include <stdlib.h>
| # include <stddef.h>
| #else
| # ifdef HAVE_STDLIB_H
| #  include <stdlib.h>
| # endif
| #endif
| #ifdef HAVE_STRING_H
| # if !defined STDC_HEADERS && defined HAVE_MEMORY_H
| #  include <memory.h>
| # endif
| # include <string.h>
| #endif
| #ifdef HAVE_STRINGS_H
| # include <strings.h>
| #endif
| #ifdef HAVE_INTTYPES_H
| # include <inttypes.h>
| #endif
| #ifdef HAVE_STDINT_H
| # include <stdint.h>
| #endif
| #ifdef HAVE_UNISTD_H
| # include <unistd.h>
| #endif
| int
| main ()
| {
| if (sizeof ((size_t)))
| 	    return 0;
|   ;
|   return 0;
| }
configure:4334: result: yes
configure:4345: checking for ssize_t
configure:4345: gcc -c -g -O2  conftest.c >&5
configure:4345: $? = 0
configure:4345: gcc -c -g -O2  conftest.c >&5
conftest.c: In function 'main':
conftest.c:69:22: error: expected expression before ')' token
 if (sizeof ((ssize_t)))
                      ^
configure:4345: $? = 1
configure: failed program was:
| /* confdefs.h */
| #define PACKAGE_NAME "dvpn"
| #define PACKAGE_TARNAME "dvpn"
| #define PACKAGE_VERSION "1.0"
| #define PACKAGE_STRING "dvpn 1.0"
| #define PACKAGE_BUGREPORT "buytenh@wantstofly.org"
| #define PACKAGE_URL ""
| #define PACKAGE "dvpn"
| #define VERSION "1.0"
| #define STDC_HEADERS 1
| #define HAVE_SYS_TYPES_H 1
| #define HAVE_SYS_STAT_H 1
| #define HAVE_STDLIB_H 1
| #define HAVE_STRING_H 1
| #define HAVE_MEMORY_H 1
| #define HAVE_STRINGS_H 1
| #define HAVE_INTTYPES_H 1
| #define HAVE_STDINT_H 1
| #define HAVE_UNISTD_H 1
| #define HAVE_ARPA_INET_H 1
| #define HAVE_FCNTL_H 1
| #define HAVE_LIMITS_H 1
| #define HAVE_NETDB_H 1
| #define HAVE_NETINET_IN_H 1
| #define HAVE_STDINT_H 1
| #define HAVE_STDLIB_H 1
| #define HAVE_STRING_H 1
| #define HAVE_STRINGS_H 1
| #define HAVE_SYS_IOCTL_H 1
| #define HAVE_SYS_SOCKET_H 1
| #define HAVE_UNISTD_H 1
| /* end confdefs.h.  */
| #include <stdio.h>
| #ifdef HAVE_SYS_TYPES_H
| # include <sys/types.h>
| #endif
| #ifdef HAVE_SYS_STAT_H
| # include <sys/stat.h>
| #endif
| #ifdef STDC_HEADERS
| # include <stdlib.h>
| # include <stddef.h>
| #else
| # ifdef HAVE_STDLIB_H
| #  include <stdlib.h>
| # endif
| #endif
| #ifdef HAVE_STRING_H
| # if !defined STDC_HEADERS && defined HAVE_MEMORY_H
| #  include <memory.h>
| # endif
| # include <string.h>
| #endif
| #ifdef HAVE_STRINGS_H
| # include <strings.h>
| #endif
| #ifdef HAVE_INTTYPES_H
| # include <inttypes.h>
| #endif
| #ifdef HAVE_STDINT_H
| # include <stdint.h>
| #endif
| #ifdef HAVE_UNISTD_H
| # include <unistd.h>
| #endif
| int
| main ()
| {
| if (sizeof ((ssize_t)))
| 	    return 0;
|   ;
|   return 0;
| }
configure:4345: result: yes
configure:4356: checking for uint16_t
configure:4356: gcc -c -g -O2  conftest.c >&5
configure:4356: $? = 0
configure:4356: result: yes
configure:4368: checking for uint32_t
configure:4368: gcc -c -g -O2  conftest.c >&5
configure:4368: $? = 0
configure:4368: result: yes
configure:4382: checking for uint64_t
configure:4382: gcc -c -g -O2  conftest.c >&5
configure:4382: $? = 0
configure:4382: result: yes
configure:4396: checking for uint8_t
configure:4396: gcc -c -g -O2  conftest.c >&5
configure:4396: $? = 0
configure:4396: result: yes
configure:4414: checking for working alloca.h
configure:4431: gcc -o conftest -g -O2   conftest.c  >&5
configure:4431: $? = 0
configure:4439: result: yes
configure:4447: checking for alloca
configure:4484: gcc -o conftest -g -O2   conftest.c  >&5
configure:4484: $? = 0
configure:4492: result: yes
configure:4600: checking vfork.h usability
configure:4600: gcc -c -g -O2  conftest.c >&5
conftest.c:68:19: fatal error: vfork.h: No such file or directory
compilation terminated.
configure:4600: $? = 1
configure: failed program was:
| /* confdefs.h */
| #define PACKAGE_NAME "dvpn"
| #define PACKAGE_TARNAME "dvpn"
| #define PACKAGE_VERSION "1.0"
| #define PACKAGE_STRING "dvpn 1.0"
| #define PACKAGE_BUGREPORT "buytenh@wantstofly.org"
| #define PACKAGE_URL ""
| #define PACKAGE "dvpn"
| #define VERSION "1.0"
| #define STDC_HEADERS 1
| #define HAVE_SYS_TYPES_H 1
| #define HAVE_SYS_STAT_H 1
| #define HAVE_STDLIB_H 1
| #define HAVE_STRING_H 1
| #define HAVE_MEMORY_H 1
| #define HAVE_STRINGS_H 1
| #define HAVE_INTTYPES_H 1
| #define HAVE_STDINT_H 1
| #define HAVE_UNISTD_H 1
| #define HAVE_ARPA_INET_H 1
| #define HAVE_FCNTL_H 1
| #define HAVE_LIMITS_H 1
| #define HAVE_NETDB_H 1
| #define HAVE_NETINET_IN_H 1
| #define HAVE_STDINT_H 1
| #define HAVE_STDLIB_H 1
| #define HAVE_STRING_H 1
| #define HAVE_STRINGS_H 1
| #define HAVE_SYS_IOCTL_H 1
| #define HAVE_SYS_SOCKET_H 1
| #define HAVE_UNISTD_H 1
| #define HAVE_ALLOCA_H 1
| #define HAVE_ALLOCA 1
| /* end confdefs.h.  */
| #include <stdio.h>
| #ifdef HAVE_SYS_TYPES_H
| # include <sys/types.h>
| #endif
| #ifdef HAVE_SYS_STAT_H
| # include <sys/stat.h>
| #endif
| #ifdef STDC_HEADERS
| # include <stdlib.h>
| # include <stddef.h>
| #else
| # ifdef HAVE_STDLIB_H
| #  include <stdlib.h>
| # endif
| #endif
| #ifdef HAVE_STRING_H
| # if !defined STDC_HEADERS && defined HAVE_MEMORY_H
| #  include <memory.h>
| # endif
| # include <string.h>
| #endif
| #ifdef HAVE_STRINGS_H
| # include <strings.h>
| #endif
| #ifdef HAVE_INTTYPES_H
| # include <inttypes.h>
| #endif
| #ifdef HAVE_STDINT_H
| # include <stdint.h>
| #endif
| #ifdef HAVE_UNISTD_H
| # include <unistd.h>
| #endif
| #include <vfork.h>
configure:4600: result: no
configure:4600: checking vfork.h presence
configure:4600: gcc -E  conftest.c
conftest.c:35:19: fatal error: vfork.h: No such file or directory
compilation terminated.
configure:4600: $? = 1
configure: failed program was:
| /* confdefs.h */
| #define PACKAGE_NAME "dvpn"
| #define PACKAGE_TARNAME "dvpn"
| #define PACKAGE_VERSION "1.0"
| #define PACKAGE_STRING "dvpn 1.0"
| #define PACKAGE_BUGREPORT "buytenh@wantstofly.org"
| #define PACKAGE_URL ""
| #define PACKAGE "dvpn"
| #define VERSION "1.0"
| #define STDC_HEADERS 1
| #define HAVE_SYS_TYPES_H 1
| #define HAVE_SYS_STAT_H 1
| #define HAVE_STDLIB_H 1
| #define HAVE_STRING_H 1
| #define HAVE_MEMORY_H 1
| #define HAVE_STRINGS_H 1
| #define HAVE_INTTYPES_H 1
| #define HAVE_STDINT_H 1
| #define HAVE_UNISTD_H 1
| #define HAVE_ARPA_INET_H 1
| #define HAVE_FCNTL_H 1
| #define HAVE_LIMITS_H 1
| #define HAVE_NETDB_H 1
| #define HAVE_NETINET_IN_H 1
| #define HAVE_STDINT_H 1
| #define HAVE_STDLIB_H 1
| #define HAVE_STRING_H 1
| #define HAVE_STRINGS_H 1
| #define HAVE_SYS_IOCTL_H 1
| #define HAVE_SYS_SOCKET_H 1
| #define HAVE_UNISTD_H 1
| #define HAVE_ALLOCA_H 1
| #define HAVE_ALLOCA 1
| /* end confdefs.h.  */
| #include <vfork.h>
configure:4600: result: no
configure:4600: checking for vfork.h
configure:4600: result: no
configure:4613: checking for fork
configure:4613: gcc -o conftest -g -O2   conftest.c  >&5
conftest.c:58:6: warning: conflicting types for built-in function 'fork'
 char fork ();
      ^
configure:4613: $? = 0
configure:4613: result: yes
configure:4613: checking for vfork
configure:4613: gcc -o conftest -g -O2   conftest.c  >&5
configure:4613: $? = 0
configure:4613: result: yes
configure:4623: checking for working fork
configure:4645: gcc -o conftest -g -O2   conftest.c  >&5
configure:4645: $? = 0
configure:4645: ./conftest
configure:4645: $? = 0
configure:4655: result: yes
configure:4676: checking for working vfork
configure:4786: result: yes
configure:4813: checking for stdlib.h
configure:4813: result: yes
configure:4823: checking for GNU libc compatible malloc
configure:4847: gcc -o conftest -g -O2   conftest.c  >&5
configure:4847: $? = 0
configure:4847: ./conftest
configure:4847: $? = 0
configure:4857: result: yes
configure:4881: checking for memmove
configure:4881: gcc -o conftest -g -O2   conftest.c  >&5
conftest.c:64:6: warning: conflicting types for built-in function 'memmove'
 char memmove ();
      ^
configure:4881: $? = 0
configure:4881: result: yes
configure:4881: checking for memset
configure:4881: gcc -o conftest -g -O2   conftest.c  >&5
conftest.c:65:6: warning: conflicting types for built-in function 'memset'
 char memset ();
      ^
configure:4881: $? = 0
configure:4881: result: yes
configure:4881: checking for socket
configure:4881: gcc -o conftest -g -O2   conftest.c  >&5
configure:4881: $? = 0
configure:4881: result: yes
configure:4881: checking for strcasecmp
configure:4881: gcc -o conftest -g -O2   conftest.c  >&5
conftest.c:67:6: warning: conflicting types for built-in function 'strcasecmp'
 char strcasecmp ();
      ^
configure:4881: $? = 0
configure:4881: result: yes
configure:4881: checking for strchr
configure:4881: gcc -o conftest -g -O2   conftest.c  >&5
conftest.c:68:6: warning: conflicting types for built-in function 'strchr'
 char strchr ();
      ^
configure:4881: $? = 0
configure:4881: result: yes
configure:4881: checking for strdup
configure:4881: gcc -o conftest -g -O2   conftest.c  >&5
conftest.c:69:6: warning: conflicting types for built-in function 'strdup'
 char strdup ();
      ^
configure:4881: $? = 0
configure:4881: result: yes
configure:4881: checking for strerror
configure:4881: gcc -o conftest -g -O2   conftest.c  >&5
configure:4881: $? = 0
configure:4881: result: yes
configure:4881: checking for strstr
configure:4881: gcc -o conftest -g -O2   conftest.c  >&5
conftest.c:71:6: warning: conflicting types for built-in function 'strstr'
 char strstr ();
      ^
configure:4881: $? = 0
configure:4881: result: yes
configure:4881: checking for uname
configure:4881: gcc -o conftest -g -O2   conftest.c  >&5
configure:4881: $? = 0
configure:4881: result: yes
configure:5000: checking that generated files are newer than configure
configure:5006: result: done
configure:5029: creating ./config.status

## ---------------------- ##
## Running config.status. ##
## ---------------------- ##

This file was extended by dvpn config.status 1.0, which was
generated by GNU Autoconf 2.69.  Invocation command line was

  CONFIG_FILES    = 
  CONFIG_HEADERS  = 
  CONFIG_LINKS    = 
  CONFIG_COMMANDS = 
  $ ./config.status 

on ragnaros

config.status:883: creating Makefile
config.status:883: creating src/Makefile
config.status:883: creating dvpn-config.h
config.status:1064: dvpn-config.h is unchanged
config.status:1112: executing depfiles commands

## ---------------- ##
## Cache variables. ##
## ---------------- ##

ac_cv_c_compiler_gnu=yes
ac_cv_c_uint16_t=yes
ac_cv_c_uint32_t=yes
ac_cv_c_uint64_t=yes
ac_cv_c_uint8_t=yes
ac_cv_env_CC_set=
ac_cv_env_CC_value=
ac_cv_env_CFLAGS_set=
ac_cv_env_CFLAGS_value=
ac_cv_env_CPPFLAGS_set=
ac_cv_env_CPPFLAGS_value=
ac_cv_env_CPP_set=
ac_cv_env_CPP_value=
ac_cv_env_LDFLAGS_set=
ac_cv_env_LDFLAGS_value=
ac_cv_env_LIBS_set=
ac_cv_env_LIBS_value=
ac_cv_env_build_alias_set=
ac_cv_env_build_alias_value=
ac_cv_env_host_alias_set=
ac_cv_env_host_alias_value=
ac_cv_env_target_alias_set=
ac_cv_env_target_alias_value=
ac_cv_func_alloca_works=yes
ac_cv_func_fork=yes
ac_cv_func_fork_works=yes
ac_cv_func_malloc_0_nonnull=yes
ac_cv_func_memmove=yes
ac_cv_func_memset=yes
ac_cv_func_socket=yes
ac_cv_func_strcasecmp=yes
ac_cv_func_strchr=yes
ac_cv_func_strdup=yes
ac_cv_func_strerror=yes
ac_cv_func_strstr=yes
ac_cv_func_uname=yes
ac_cv_func_vfork=yes
ac_cv_func_vfork_works=yes
ac_cv_header_arpa_inet_h=yes
ac_cv_header_fcntl_h=yes
ac_cv_header_inttypes_h=yes
ac_cv_header_limits_h=yes
ac_cv_header_memory_h=yes
ac_cv_header_netdb_h=yes
ac_cv_header_netinet_in_h=yes
ac_cv_header_stdc=yes
ac_cv_header_stdint_h=yes
ac_cv_header_stdlib_h=yes
ac_cv_header_string_h=yes
ac_cv_header_strings_h=yes
ac_cv_header_sys_ioctl_h=yes
ac_cv_header_sys_socket_h=yes
ac_cv_header_sys_stat_h=yes
ac_cv_header_sys_types_h=yes
ac_cv_header_unistd_h=yes
ac_cv_header_vfork_h=no
ac_cv_objext=o
ac_cv_path_EGREP='/usr/bin/grep -E'
ac_cv_path_GREP=/usr/bin/grep
ac_cv_path_install='/usr/bin/install -c'
ac_cv_path_mkdir=/usr/bin/mkdir
ac_cv_prog_AWK=gawk
ac_cv_prog_CPP='gcc -E'
ac_cv_prog_ac_ct_CC=gcc
ac_cv_prog_cc_c89=
ac_cv_prog_cc_g=yes
ac_cv_prog_make_make_set=yes
ac_cv_type_pid_t=yes
ac_cv_type_size_t=yes
ac_cv_type_ssize_t=yes
ac_cv_working_alloca_h=yes
am_cv_CC_dependencies_compiler_type=gcc3
am_cv_make_support_nested_variables=yes
am_cv_prog_cc_c_o=yes

## ----------------- ##
## Output variables. ##
## ----------------- ##

ACLOCAL='${SHELL} /home/lun/development/dvpn/missing aclocal-1.15'
ALLOCA=''
AMDEPBACKSLASH='\'
AMDEP_FALSE='#'
AMDEP_TRUE=''
AMTAR='$${TAR-tar}'
AM_BACKSLASH='\'
AM_DEFAULT_V='$(AM_DEFAULT_VERBOSITY)'
AM_DEFAULT_VERBOSITY='1'
AM_V='$(V)'
AUTOCONF='${SHELL} /home/lun/development/dvpn/missing autoconf'
AUTOHEADER='${SHELL} /home/lun/development/dvpn/missing autoheader'
AUTOMAKE='${SHELL} /home/lun/development/dvpn/missing automake-1.15'
AWK='gawk'
CC='gcc'
CCDEPMODE='depmode=gcc3'
CFLAGS='-g -O2'
CPP='gcc -E'
CPPFLAGS=''
CYGPATH_W='echo'
DEFS='-DHAVE_CONFIG_H'
DEPDIR='.deps'
ECHO_C=''
ECHO_N='-n'
ECHO_T=''
EGREP='/usr/bin/grep -E'
EXEEXT=''
GREP='/usr/bin/grep'
INSTALL_DATA='${INSTALL} -m 644'
INSTALL_PROGRAM='${INSTALL}'
INSTALL_SCRIPT='${INSTALL}'
INSTALL_STRIP_PROGRAM='$(install_sh) -c -s'
LDFLAGS=''
LIBOBJS=''
LIBS=''
LTLIBOBJS=''
MAKEINFO='${SHELL} /home/lun/development/dvpn/missing makeinfo'
MKDIR_P='/usr/bin/mkdir -p'
OBJEXT='o'
PACKAGE='dvpn'
PACKAGE_BUGREPORT='buytenh@wantstofly.org'
PACKAGE_NAME='dvpn'
PACKAGE_STRING='dvpn 1.0'
PACKAGE_TARNAME='dvpn'
PACKAGE_URL=''
PACKAGE_VERSION='1.0'
PATH_SEPARATOR=':'
SET_MAKE=''
SHELL='/bin/sh'
STRIP=''
VERSION='1.0'
ac_ct_CC='gcc'
am__EXEEXT_FALSE=''
am__EXEEXT_TRUE='#'
am__fastdepCC_FALSE='#'
am__fastdepCC_TRUE=''
am__include='include'
am__isrc=''
am__leading_dot='.'
am__nodep='_no'
am__quote=''
am__tar='$${TAR-tar} chof - "$$tardir"'
am__untar='$${TAR-tar} xf -'
bindir='${exec_prefix}/bin'
build_alias=''
datadir='${datarootdir}'
datarootdir='${prefix}/share'
docdir='${datarootdir}/doc/${PACKAGE_TARNAME}'
dvidir='${docdir}'
exec_prefix='${prefix}'
host_alias=''
htmldir='${docdir}'
includedir='${prefix}/include'
infodir='${datarootdir}/info'
install_sh='${SHELL} /home/lun/development/dvpn/install-sh'
libdir='${exec_prefix}/lib'
libexecdir='${exec_prefix}/libexec'
localedir='${datarootdir}/locale'
localstatedir='${prefix}/var'
mandir='${datarootdir}/man'
mkdir_p='$(MKDIR_P)'
oldincludedir='/usr/include'
pdfdir='${docdir}'
prefix='/usr/local'
program_transform_name='s,x,x,'
psdir='${docdir}'
sbindir='${exec_prefix}/sbin'
sharedstatedir='${prefix}/com'
sysconfdir='${prefix}/etc'
target_alias=''

## ----------- ##
## confdefs.h. ##
## ----------- ##

/* confdefs.h */
#define PACKAGE_NAME "dvpn"
#define PACKAGE_TARNAME "dvpn"
#define PACKAGE_VERSION "1.0"
#define PACKAGE_STRING "dvpn 1.0"
#define PACKAGE_BUGREPORT "buytenh@wantstofly.org"
#define PACKAGE_URL ""
#define PACKAGE "dvpn"
#define VERSION "1.0"
#define STDC_HEADERS 1
#define HAVE_SYS_TYPES_H 1
#define HAVE_SYS_STAT_H 1
#define HAVE_STDLIB_H 1
#define HAVE_STRING_H 1
#define HAVE_MEMORY_H 1
#define HAVE_STRINGS_H 1
#define HAVE_INTTYPES_H 1
#define HAVE_STDINT_H 1
#define HAVE_UNISTD_H 1
#define HAVE_ARPA_INET_H 1
#define HAVE_FCNTL_H 1
#define HAVE_LIMITS_H 1
#define HAVE_NETDB_H 1
#define HAVE_NETINET_IN_H 1
#define HAVE_STDINT_H 1
#define HAVE_STDLIB_H 1
#define HAVE_STRING_H 1
#define HAVE_STRINGS_H 1
#define HAVE_SYS_IOCTL_H 1
#define HAVE_SYS_SOCKET_H 1
#define HAVE_UNISTD_H 1
#define HAVE_ALLOCA_H 1
#define HAVE_ALLOCA 1
#define HAVE_FORK 1
#define HAVE_VFORK 1
#define HAVE_WORKING_VFORK 1
#define HAVE_WORKING_FORK 1
#define HAVE_STDLIB_H 1
#define HAVE_MALLOC 1
#define HAVE_MEMMOVE 1
#define HAVE_MEMSET 1
#define HAVE_SOCKET 1
#define HAVE_STRCASECMP 1
#define HAVE_STRCHR 1
#define HAVE_STRDUP 1
#define HAVE_STRERROR 1
#define HAVE_STRSTR 1
#define HAVE_UNAME 1

configure: exit 0

## ---------------------- ##
## Running config.status. ##
## ---------------------- ##

This file was extended by dvpn config.status 1.0, which was
generated by GNU Autoconf 2.69.  Invocation command line was

  CONFIG_FILES    = 
  CONFIG_HEADERS  = 
  CONFIG_LINKS    = 
  CONFIG_COMMANDS = 
  $ ./config.status src/Makefile depfiles

on ragnaros

config.status:883: creating src/Makefile
config.status:1112: executing depfiles commands
